生成启动时间为 2013/8/30 16:55:59。
     1>项目“C:\微软100\68.把数组拍成最小的数\68.把数组拍成最小的数\68.把数组拍成最小的数.vcxproj”在节点 2 上(build 个目标)。
     1>InitializeBuildStatus:
         正在对“Debug\68.把数组拍成最小的数.unsuccessfulbuild”执行 Touch 任务。
       ClCompile:
         所有输出均为最新。
         C:\Program Files (x86)\Microsoft Visual Studio 10.0\VC\bin\CL.exe /c /ZI /nologo /W3 /WX- /Od /Oy- /D WIN32 /D _DEBUG /D _CONSOLE /D _UNICODE /D UNICODE /Gm /EHsc /RTC1 /MDd /GS /fp:precise /Zc:wchar_t /Zc:forScope /Yu"StdAfx.h" /Fp"Debug\68.把数组拍成最小的数.pch" /Fo"Debug\\" /Fd"Debug\vc100.pdb" /Gd /TP /analyze- /errorReport:prompt "68.把数组拍成最小的数.cpp"
         68.把数组拍成最小的数.cpp
     1>c:\微软100\68.把数组拍成最小的数\68.把数组拍成最小的数\68.把数组拍成最小的数.cpp(33): warning C4996: 'strcpy': This function or variable may be unsafe. Consider using strcpy_s instead. To disable deprecation, use _CRT_SECURE_NO_WARNINGS. See online help for details.
                 c:\program files (x86)\microsoft visual studio 10.0\vc\include\string.h(105) : 参见“strcpy”的声明
     1>c:\微软100\68.把数组拍成最小的数\68.把数组拍成最小的数\68.把数组拍成最小的数.cpp(34): warning C4996: 'strcat': This function or variable may be unsafe. Consider using strcat_s instead. To disable deprecation, use _CRT_SECURE_NO_WARNINGS. See online help for details.
                 c:\program files (x86)\microsoft visual studio 10.0\vc\include\string.h(110) : 参见“strcat”的声明
     1>c:\微软100\68.把数组拍成最小的数\68.把数组拍成最小的数\68.把数组拍成最小的数.cpp(37): warning C4996: 'strcpy': This function or variable may be unsafe. Consider using strcpy_s instead. To disable deprecation, use _CRT_SECURE_NO_WARNINGS. See online help for details.
                 c:\program files (x86)\microsoft visual studio 10.0\vc\include\string.h(105) : 参见“strcpy”的声明
     1>c:\微软100\68.把数组拍成最小的数\68.把数组拍成最小的数\68.把数组拍成最小的数.cpp(38): warning C4996: 'strcat': This function or variable may be unsafe. Consider using strcat_s instead. To disable deprecation, use _CRT_SECURE_NO_WARNINGS. See online help for details.
                 c:\program files (x86)\microsoft visual studio 10.0\vc\include\string.h(110) : 参见“strcat”的声明
     1>c:\微软100\68.把数组拍成最小的数\68.把数组拍成最小的数\68.把数组拍成最小的数.cpp(57): warning C4996: 'sprintf': This function or variable may be unsafe. Consider using sprintf_s instead. To disable deprecation, use _CRT_SECURE_NO_WARNINGS. See online help for details.
                 c:\program files (x86)\microsoft visual studio 10.0\vc\include\stdio.h(371) : 参见“sprintf”的声明
       ManifestResourceCompile:
         C:\Program Files (x86)\Microsoft SDKs\Windows\v7.0A\bin\rc.exe /nologo /fo"Debug\68.把数组拍成最小的数.exe.embed.manifest.res" "Debug\68.把数组拍成最小的数_manifest.rc" 
       Link:
         C:\Program Files (x86)\Microsoft Visual Studio 10.0\VC\bin\link.exe /ERRORREPORT:PROMPT /OUT:"C:\微软100\68.把数组拍成最小的数\Debug\68.把数组拍成最小的数.exe" /INCREMENTAL /NOLOGO SDL.lib SDLmain.lib kernel32.lib user32.lib gdi32.lib winspool.lib comdlg32.lib advapi32.lib shell32.lib ole32.lib oleaut32.lib uuid.lib odbc32.lib odbccp32.lib /MANIFEST /ManifestFile:"Debug\68.把数组拍成最小的数.exe.intermediate.manifest" /MANIFESTUAC:"level='asInvoker' uiAccess='false'" /DEBUG /PDB:"C:\微软100\68.把数组拍成最小的数\Debug\68.把数组拍成最小的数.pdb" /SUBSYSTEM:CONSOLE /TLBID:1 /DYNAMICBASE /NXCOMPAT /IMPLIB:"C:\微软100\68.把数组拍成最小的数\Debug\68.把数组拍成最小的数.lib" /MACHINE:X86 "Debug\68.把数组拍成最小的数.exe.embed.manifest.res"
         "Debug\68.把数组拍成最小的数.obj"
         Debug\stdafx.obj
       Manifest:
         C:\Program Files (x86)\Microsoft SDKs\Windows\v7.0A\bin\mt.exe /nologo /verbose /out:"Debug\68.把数组拍成最小的数.exe.embed.manifest" /manifest "Debug\68.把数组拍成最小的数.exe.intermediate.manifest"
         C:\Program Files (x86)\Microsoft SDKs\Windows\v7.0A\bin\rc.exe /nologo /fo"Debug\68.把数组拍成最小的数.exe.embed.manifest.res" "Debug\68.把数组拍成最小的数_manifest.rc" 
       LinkEmbedManifest:
         C:\Program Files (x86)\Microsoft Visual Studio 10.0\VC\bin\link.exe /ERRORREPORT:PROMPT /OUT:"C:\微软100\68.把数组拍成最小的数\Debug\68.把数组拍成最小的数.exe" /INCREMENTAL /NOLOGO SDL.lib SDLmain.lib kernel32.lib user32.lib gdi32.lib winspool.lib comdlg32.lib advapi32.lib shell32.lib ole32.lib oleaut32.lib uuid.lib odbc32.lib odbccp32.lib /MANIFEST /ManifestFile:"Debug\68.把数组拍成最小的数.exe.intermediate.manifest" /MANIFESTUAC:"level='asInvoker' uiAccess='false'" /DEBUG /PDB:"C:\微软100\68.把数组拍成最小的数\Debug\68.把数组拍成最小的数.pdb" /SUBSYSTEM:CONSOLE /TLBID:1 /DYNAMICBASE /NXCOMPAT /IMPLIB:"C:\微软100\68.把数组拍成最小的数\Debug\68.把数组拍成最小的数.lib" /MACHINE:X86 "Debug\68.把数组拍成最小的数.exe.embed.manifest.res"
         "Debug\68.把数组拍成最小的数.obj"
         Debug\stdafx.obj
         68.把数组拍成最小的数.vcxproj -> C:\微软100\68.把数组拍成最小的数\Debug\68.把数组拍成最小的数.exe
       FinalizeBuildStatus:
         正在删除文件“Debug\68.把数组拍成最小的数.unsuccessfulbuild”。
         正在对“Debug\68.把数组拍成最小的数.lastbuildstate”执行 Touch 任务。
     1>已完成生成项目“C:\微软100\68.把数组拍成最小的数\68.把数组拍成最小的数\68.把数组拍成最小的数.vcxproj”(build 个目标)的操作。

生成成功。

已用时间 00:00:01.45
