生成启动时间为 2013/8/30 21:34:57。
     1>项目“C:\微软100\81.求这样1个数组，左边的数都小于等于它，右边的数都大于等于它\81.求这样1个数组，左边的数都小于等于它，右边的数都大于等于它\81.求这样1个数组，左边的数都小于等于它，右边的数都大于等于它.vcxproj”在节点 2 上(build 个目标)。
     1>InitializeBuildStatus:
         正在对“Debug\81.求这样1个数组，左边的数都小于等于它，右边的数都大于等于它.unsuccessfulbuild”执行 Touch 任务。
       ClCompile:
         所有输出均为最新。
         C:\Program Files (x86)\Microsoft Visual Studio 10.0\VC\bin\CL.exe /c /ZI /nologo /W3 /WX- /Od /Oy- /D WIN32 /D _DEBUG /D _CONSOLE /D _UNICODE /D UNICODE /Gm /EHsc /RTC1 /MDd /GS /fp:precise /Zc:wchar_t /Zc:forScope /Yu"StdAfx.h" /Fp"Debug\81.求这样1个数组，左边的数都小于等于它，右边的数都大于等于它.pch" /Fo"Debug\\" /Fd"Debug\vc100.pdb" /Gd /TP /analyze- /errorReport:prompt "81.求这样1个数组，左边的数都小于等于它，右边的数都大于等于它.cpp"
         81.求这样1个数组，左边的数都小于等于它，右边的数都大于等于它.cpp
       ManifestResourceCompile:
         C:\Program Files (x86)\Microsoft SDKs\Windows\v7.0A\bin\rc.exe /nologo /fo"Debug\81.求这样1个数组，左边的数都小于等于它，右边的数都大于等于它.exe.embed.manifest.res" "Debug\81.求这样1个数组，左边的数都小于等于它，右边的数都大于等于它_manifest.rc" 
       Link:
         C:\Program Files (x86)\Microsoft Visual Studio 10.0\VC\bin\link.exe /ERRORREPORT:PROMPT /OUT:"C:\微软100\81.求这样1个数组，左边的数都小于等于它，右边的数都大于等于它\Debug\81.求这样1个数组，左边的数都小于等于它，右边的数都大于等于它.exe" /INCREMENTAL /NOLOGO SDL.lib SDLmain.lib kernel32.lib user32.lib gdi32.lib winspool.lib comdlg32.lib advapi32.lib shell32.lib ole32.lib oleaut32.lib uuid.lib odbc32.lib odbccp32.lib /MANIFEST /ManifestFile:"Debug\81.求这样1个数组，左边的数都小于等于它，右边的数都大于等于它.exe.intermediate.manifest" /MANIFESTUAC:"level='asInvoker' uiAccess='false'" /DEBUG /PDB:"C:\微软100\81.求这样1个数组，左边的数都小于等于它，右边的数都大于等于它\Debug\81.求这样1个数组，左边的数都小于等于它，右边的数都大于等于它.pdb" /SUBSYSTEM:CONSOLE /TLBID:1 /DYNAMICBASE /NXCOMPAT /IMPLIB:"C:\微软100\81.求这样1个数组，左边的数都小于等于它，右边的数都大于等于它\Debug\81.求这样1个数组，左边的数都小于等于它，右边的数都大于等于它.lib" /MACHINE:X86 "Debug\81.求这样1个数组，左边的数都小于等于它，右边的数都大于等于它.exe.embed.manifest.res"
         "Debug\81.求这样1个数组，左边的数都小于等于它，右边的数都大于等于它.obj"
         Debug\stdafx.obj
       Manifest:
         C:\Program Files (x86)\Microsoft SDKs\Windows\v7.0A\bin\mt.exe /nologo /verbose /out:"Debug\81.求这样1个数组，左边的数都小于等于它，右边的数都大于等于它.exe.embed.manifest" /manifest "Debug\81.求这样1个数组，左边的数都小于等于它，右边的数都大于等于它.exe.intermediate.manifest"
         C:\Program Files (x86)\Microsoft SDKs\Windows\v7.0A\bin\rc.exe /nologo /fo"Debug\81.求这样1个数组，左边的数都小于等于它，右边的数都大于等于它.exe.embed.manifest.res" "Debug\81.求这样1个数组，左边的数都小于等于它，右边的数都大于等于它_manifest.rc" 
       LinkEmbedManifest:
         C:\Program Files (x86)\Microsoft Visual Studio 10.0\VC\bin\link.exe /ERRORREPORT:PROMPT /OUT:"C:\微软100\81.求这样1个数组，左边的数都小于等于它，右边的数都大于等于它\Debug\81.求这样1个数组，左边的数都小于等于它，右边的数都大于等于它.exe" /INCREMENTAL /NOLOGO SDL.lib SDLmain.lib kernel32.lib user32.lib gdi32.lib winspool.lib comdlg32.lib advapi32.lib shell32.lib ole32.lib oleaut32.lib uuid.lib odbc32.lib odbccp32.lib /MANIFEST /ManifestFile:"Debug\81.求这样1个数组，左边的数都小于等于它，右边的数都大于等于它.exe.intermediate.manifest" /MANIFESTUAC:"level='asInvoker' uiAccess='false'" /DEBUG /PDB:"C:\微软100\81.求这样1个数组，左边的数都小于等于它，右边的数都大于等于它\Debug\81.求这样1个数组，左边的数都小于等于它，右边的数都大于等于它.pdb" /SUBSYSTEM:CONSOLE /TLBID:1 /DYNAMICBASE /NXCOMPAT /IMPLIB:"C:\微软100\81.求这样1个数组，左边的数都小于等于它，右边的数都大于等于它\Debug\81.求这样1个数组，左边的数都小于等于它，右边的数都大于等于它.lib" /MACHINE:X86 "Debug\81.求这样1个数组，左边的数都小于等于它，右边的数都大于等于它.exe.embed.manifest.res"
         "Debug\81.求这样1个数组，左边的数都小于等于它，右边的数都大于等于它.obj"
         Debug\stdafx.obj
         81.求这样1个数组，左边的数都小于等于它，右边的数都大于等于它.vcxproj -> C:\微软100\81.求这样1个数组，左边的数都小于等于它，右边的数都大于等于它\Debug\81.求这样1个数组，左边的数都小于等于它，右边的数都大于等于它.exe
       FinalizeBuildStatus:
         正在删除文件“Debug\81.求这样1个数组，左边的数都小于等于它，右边的数都大于等于它.unsuccessfulbuild”。
         正在对“Debug\81.求这样1个数组，左边的数都小于等于它，右边的数都大于等于它.lastbuildstate”执行 Touch 任务。
     1>已完成生成项目“C:\微软100\81.求这样1个数组，左边的数都小于等于它，右边的数都大于等于它\81.求这样1个数组，左边的数都小于等于它，右边的数都大于等于它\81.求这样1个数组，左边的数都小于等于它，右边的数都大于等于它.vcxproj”(build 个目标)的操作。

生成成功。

已用时间 00:00:01.45
