生成启动时间为 2013/8/30 20:20:17。
     1>项目“C:\微软100\74.数组中超过出现次数超过一半的数字\74.数组中超过出现次数超过一半的数字\74.数组中超过出现次数超过一半的数字.vcxproj”在节点 2 上(build 个目标)。
     1>InitializeBuildStatus:
         正在创建“Debug\74.数组中超过出现次数超过一半的数字.unsuccessfulbuild”，因为已指定“AlwaysCreate”。
       ClCompile:
         所有输出均为最新。
         C:\Program Files (x86)\Microsoft Visual Studio 10.0\VC\bin\CL.exe /c /ZI /nologo /W3 /WX- /Od /Oy- /D WIN32 /D _DEBUG /D _CONSOLE /D _UNICODE /D UNICODE /Gm /EHsc /RTC1 /MDd /GS /fp:precise /Zc:wchar_t /Zc:forScope /Yu"StdAfx.h" /Fp"Debug\74.数组中超过出现次数超过一半的数字.pch" /Fo"Debug\\" /Fd"Debug\vc100.pdb" /Gd /TP /analyze- /errorReport:prompt "74.数组中超过出现次数超过一半的数字.cpp"
         74.数组中超过出现次数超过一半的数字.cpp
     1>c:\微软100\74.数组中超过出现次数超过一半的数字\74.数组中超过出现次数超过一半的数字\74.数组中超过出现次数超过一半的数字.cpp(28): warning C4715: “getnum”: 不是所有的控件路径都返回值
       ManifestResourceCompile:
         所有输出均为最新。
       Link:
         C:\Program Files (x86)\Microsoft Visual Studio 10.0\VC\bin\link.exe /ERRORREPORT:PROMPT /OUT:"C:\微软100\74.数组中超过出现次数超过一半的数字\Debug\74.数组中超过出现次数超过一半的数字.exe" /INCREMENTAL /NOLOGO SDL.lib SDLmain.lib kernel32.lib user32.lib gdi32.lib winspool.lib comdlg32.lib advapi32.lib shell32.lib ole32.lib oleaut32.lib uuid.lib odbc32.lib odbccp32.lib /MANIFEST /ManifestFile:"Debug\74.数组中超过出现次数超过一半的数字.exe.intermediate.manifest" /MANIFESTUAC:"level='asInvoker' uiAccess='false'" /DEBUG /PDB:"C:\微软100\74.数组中超过出现次数超过一半的数字\Debug\74.数组中超过出现次数超过一半的数字.pdb" /SUBSYSTEM:CONSOLE /TLBID:1 /DYNAMICBASE /NXCOMPAT /IMPLIB:"C:\微软100\74.数组中超过出现次数超过一半的数字\Debug\74.数组中超过出现次数超过一半的数字.lib" /MACHINE:X86 "Debug\74.数组中超过出现次数超过一半的数字.exe.embed.manifest.res"
         "Debug\74.数组中超过出现次数超过一半的数字.obj"
         Debug\stdafx.obj
       Manifest:
         C:\Program Files (x86)\Microsoft SDKs\Windows\v7.0A\bin\mt.exe /nologo /verbose /out:"Debug\74.数组中超过出现次数超过一半的数字.exe.embed.manifest" /manifest "Debug\74.数组中超过出现次数超过一半的数字.exe.intermediate.manifest"
         所有输出均为最新。
       LinkEmbedManifest:
         所有输出均为最新。
         74.数组中超过出现次数超过一半的数字.vcxproj -> C:\微软100\74.数组中超过出现次数超过一半的数字\Debug\74.数组中超过出现次数超过一半的数字.exe
       FinalizeBuildStatus:
         正在删除文件“Debug\74.数组中超过出现次数超过一半的数字.unsuccessfulbuild”。
         正在对“Debug\74.数组中超过出现次数超过一半的数字.lastbuildstate”执行 Touch 任务。
     1>已完成生成项目“C:\微软100\74.数组中超过出现次数超过一半的数字\74.数组中超过出现次数超过一半的数字\74.数组中超过出现次数超过一半的数字.vcxproj”(build 个目标)的操作。

生成成功。

已用时间 00:00:00.91
