生成启动时间为 2013/8/29 21:50:01。
     1>项目“C:\微软100\54.调整数组顺序使奇数位于偶数前面\54.调整数组顺序使奇数位于偶数前面\54.调整数组顺序使奇数位于偶数前面.vcxproj”在节点 2 上(build 个目标)。
     1>InitializeBuildStatus:
         正在创建“Debug\54.调整数组顺序使奇数位于偶数前面.unsuccessfulbuild”，因为已指定“AlwaysCreate”。
       ClCompile:
         所有输出均为最新。
         C:\Program Files (x86)\Microsoft Visual Studio 10.0\VC\bin\CL.exe /c /ZI /nologo /W3 /WX- /Od /Oy- /D WIN32 /D _DEBUG /D _CONSOLE /D _UNICODE /D UNICODE /Gm /EHsc /RTC1 /MDd /GS /fp:precise /Zc:wchar_t /Zc:forScope /Yu"StdAfx.h" /Fp"Debug\54.调整数组顺序使奇数位于偶数前面.pch" /Fo"Debug\\" /Fd"Debug\vc100.pdb" /Gd /TP /analyze- /errorReport:prompt "54.调整数组顺序使奇数位于偶数前面.cpp"
         54.调整数组顺序使奇数位于偶数前面.cpp
       ManifestResourceCompile:
         所有输出均为最新。
       Link:
         C:\Program Files (x86)\Microsoft Visual Studio 10.0\VC\bin\link.exe /ERRORREPORT:PROMPT /OUT:"C:\微软100\54.调整数组顺序使奇数位于偶数前面\Debug\54.调整数组顺序使奇数位于偶数前面.exe" /INCREMENTAL /NOLOGO SDL.lib SDLmain.lib kernel32.lib user32.lib gdi32.lib winspool.lib comdlg32.lib advapi32.lib shell32.lib ole32.lib oleaut32.lib uuid.lib odbc32.lib odbccp32.lib /MANIFEST /ManifestFile:"Debug\54.调整数组顺序使奇数位于偶数前面.exe.intermediate.manifest" /MANIFESTUAC:"level='asInvoker' uiAccess='false'" /DEBUG /PDB:"C:\微软100\54.调整数组顺序使奇数位于偶数前面\Debug\54.调整数组顺序使奇数位于偶数前面.pdb" /SUBSYSTEM:CONSOLE /TLBID:1 /DYNAMICBASE /NXCOMPAT /IMPLIB:"C:\微软100\54.调整数组顺序使奇数位于偶数前面\Debug\54.调整数组顺序使奇数位于偶数前面.lib" /MACHINE:X86 "Debug\54.调整数组顺序使奇数位于偶数前面.exe.embed.manifest.res"
         "Debug\54.调整数组顺序使奇数位于偶数前面.obj"
         Debug\stdafx.obj
       Manifest:
         C:\Program Files (x86)\Microsoft SDKs\Windows\v7.0A\bin\mt.exe /nologo /verbose /out:"Debug\54.调整数组顺序使奇数位于偶数前面.exe.embed.manifest" /manifest "Debug\54.调整数组顺序使奇数位于偶数前面.exe.intermediate.manifest"
         所有输出均为最新。
       LinkEmbedManifest:
         所有输出均为最新。
         54.调整数组顺序使奇数位于偶数前面.vcxproj -> C:\微软100\54.调整数组顺序使奇数位于偶数前面\Debug\54.调整数组顺序使奇数位于偶数前面.exe
       FinalizeBuildStatus:
         正在删除文件“Debug\54.调整数组顺序使奇数位于偶数前面.unsuccessfulbuild”。
         正在对“Debug\54.调整数组顺序使奇数位于偶数前面.lastbuildstate”执行 Touch 任务。
     1>已完成生成项目“C:\微软100\54.调整数组顺序使奇数位于偶数前面\54.调整数组顺序使奇数位于偶数前面\54.调整数组顺序使奇数位于偶数前面.vcxproj”(build 个目标)的操作。

生成成功。

已用时间 00:00:00.90
