生成启动时间为 2013/8/28 21:49:14。
     1>项目“C:\微软100\5.寻找最小的k个数\5.寻找最小的k个数\5.寻找最小的k个数.vcxproj”在节点 2 上(build 个目标)。
     1>InitializeBuildStatus:
         正在创建“Debug\5.寻找最小的k个数.unsuccessfulbuild”，因为已指定“AlwaysCreate”。
       ClCompile:
         C:\Program Files (x86)\Microsoft Visual Studio 10.0\VC\bin\CL.exe /c /ZI /nologo /W3 /WX- /Od /Oy- /D WIN32 /D _DEBUG /D _CONSOLE /D _UNICODE /D UNICODE /Gm /EHsc /RTC1 /MDd /GS /fp:precise /Zc:wchar_t /Zc:forScope /Fo"Debug\\" /Fd"Debug\vc100.pdb" /Gd /TP /analyze- /errorReport:prompt 5.cpp
         5.cpp
     1>c:\微软100\5.寻找最小的k个数\5.寻找最小的k个数\5.cpp(51): warning C4715: “findk”: 不是所有的控件路径都返回值
       ManifestResourceCompile:
         所有输出均为最新。
       Link:
         C:\Program Files (x86)\Microsoft Visual Studio 10.0\VC\bin\link.exe /ERRORREPORT:PROMPT /OUT:"C:\微软100\5.寻找最小的k个数\Debug\5.寻找最小的k个数.exe" /INCREMENTAL /NOLOGO SDL.lib SDLmain.lib kernel32.lib user32.lib gdi32.lib winspool.lib comdlg32.lib advapi32.lib shell32.lib ole32.lib oleaut32.lib uuid.lib odbc32.lib odbccp32.lib /MANIFEST /ManifestFile:"Debug\5.寻找最小的k个数.exe.intermediate.manifest" /MANIFESTUAC:"level='asInvoker' uiAccess='false'" /DEBUG /PDB:"C:\微软100\5.寻找最小的k个数\Debug\5.寻找最小的k个数.pdb" /SUBSYSTEM:CONSOLE /TLBID:1 /DYNAMICBASE /NXCOMPAT /IMPLIB:"C:\微软100\5.寻找最小的k个数\Debug\5.寻找最小的k个数.lib" /MACHINE:X86 "Debug\5.寻找最小的k个数.exe.embed.manifest.res"
         Debug\5.obj
       Manifest:
         C:\Program Files (x86)\Microsoft SDKs\Windows\v7.0A\bin\mt.exe /nologo /verbose /out:"Debug\5.寻找最小的k个数.exe.embed.manifest" /manifest "Debug\5.寻找最小的k个数.exe.intermediate.manifest"
         所有输出均为最新。
       LinkEmbedManifest:
         所有输出均为最新。
         5.寻找最小的k个数.vcxproj -> C:\微软100\5.寻找最小的k个数\Debug\5.寻找最小的k个数.exe
       FinalizeBuildStatus:
         正在删除文件“Debug\5.寻找最小的k个数.unsuccessfulbuild”。
         正在对“Debug\5.寻找最小的k个数.lastbuildstate”执行 Touch 任务。
     1>已完成生成项目“C:\微软100\5.寻找最小的k个数\5.寻找最小的k个数\5.寻找最小的k个数.vcxproj”(build 个目标)的操作。

生成成功。

已用时间 00:00:00.99
