生成启动时间为 2013/9/3 20:58:09。
     1>项目“C:\微软100\求组合问题\求组合问题\求组合问题.vcxproj”在节点 2 上(build 个目标)。
     1>InitializeBuildStatus:
         正在创建“Debug\求组合问题.unsuccessfulbuild”，因为已指定“AlwaysCreate”。
       ClCompile:
         所有输出均为最新。
         C:\Program Files (x86)\Microsoft Visual Studio 10.0\VC\bin\CL.exe /c /ZI /nologo /W3 /WX- /Od /Oy- /D WIN32 /D _DEBUG /D _CONSOLE /D _UNICODE /D UNICODE /Gm /EHsc /RTC1 /MDd /GS /fp:precise /Zc:wchar_t /Zc:forScope /Yu"StdAfx.h" /Fp"Debug\求组合问题.pch" /Fo"Debug\\" /Fd"Debug\vc100.pdb" /Gd /TP /analyze- /errorReport:prompt "求组合问题.cpp"
         求组合问题.cpp
     1>c:\微软100\求组合问题\求组合问题\求组合问题.cpp(50): warning C4018: “<=”: 有符号/无符号不匹配
       ManifestResourceCompile:
         所有输出均为最新。
       Link:
         C:\Program Files (x86)\Microsoft Visual Studio 10.0\VC\bin\link.exe /ERRORREPORT:PROMPT /OUT:"C:\微软100\求组合问题\Debug\求组合问题.exe" /INCREMENTAL /NOLOGO SDL.lib SDLmain.lib kernel32.lib user32.lib gdi32.lib winspool.lib comdlg32.lib advapi32.lib shell32.lib ole32.lib oleaut32.lib uuid.lib odbc32.lib odbccp32.lib /MANIFEST /ManifestFile:"Debug\求组合问题.exe.intermediate.manifest" /MANIFESTUAC:"level='asInvoker' uiAccess='false'" /DEBUG /PDB:"C:\微软100\求组合问题\Debug\求组合问题.pdb" /SUBSYSTEM:CONSOLE /TLBID:1 /DYNAMICBASE /NXCOMPAT /IMPLIB:"C:\微软100\求组合问题\Debug\求组合问题.lib" /MACHINE:X86 "Debug\求组合问题.exe.embed.manifest.res"
         Debug\stdafx.obj
         "Debug\求组合问题.obj"
       Manifest:
         C:\Program Files (x86)\Microsoft SDKs\Windows\v7.0A\bin\mt.exe /nologo /verbose /out:"Debug\求组合问题.exe.embed.manifest" /manifest "Debug\求组合问题.exe.intermediate.manifest"
         所有输出均为最新。
       LinkEmbedManifest:
         所有输出均为最新。
         求组合问题.vcxproj -> C:\微软100\求组合问题\Debug\求组合问题.exe
       FinalizeBuildStatus:
         正在删除文件“Debug\求组合问题.unsuccessfulbuild”。
         正在对“Debug\求组合问题.lastbuildstate”执行 Touch 任务。
     1>已完成生成项目“C:\微软100\求组合问题\求组合问题\求组合问题.vcxproj”(build 个目标)的操作。

生成成功。

已用时间 00:00:01.22
