生成启动时间为 2013/8/30 21:03:11。
     1>项目“C:\微软100\75.求二叉树中两个节点的最低共同父节点\75.求二叉树中两个节点的最低共同父节点\75.求二叉树中两个节点的最低共同父节点.vcxproj”在节点 2 上(build 个目标)。
     1>InitializeBuildStatus:
         正在创建“Debug\75.求二叉树中两个节点的最低共同父节点.unsuccessfulbuild”，因为已指定“AlwaysCreate”。
       ClCompile:
         所有输出均为最新。
         C:\Program Files (x86)\Microsoft Visual Studio 10.0\VC\bin\CL.exe /c /ZI /nologo /W3 /WX- /Od /Oy- /D WIN32 /D _DEBUG /D _CONSOLE /D _UNICODE /D UNICODE /Gm /EHsc /RTC1 /MDd /GS /fp:precise /Zc:wchar_t /Zc:forScope /Yu"StdAfx.h" /Fp"Debug\75.求二叉树中两个节点的最低共同父节点.pch" /Fo"Debug\\" /Fd"Debug\vc100.pdb" /Gd /TP /analyze- /errorReport:prompt "75.求二叉树中两个节点的最低共同父节点.cpp"
         75.求二叉树中两个节点的最低共同父节点.cpp
       ManifestResourceCompile:
         所有输出均为最新。
       Link:
         C:\Program Files (x86)\Microsoft Visual Studio 10.0\VC\bin\link.exe /ERRORREPORT:PROMPT /OUT:"C:\微软100\75.求二叉树中两个节点的最低共同父节点\Debug\75.求二叉树中两个节点的最低共同父节点.exe" /INCREMENTAL /NOLOGO SDL.lib SDLmain.lib kernel32.lib user32.lib gdi32.lib winspool.lib comdlg32.lib advapi32.lib shell32.lib ole32.lib oleaut32.lib uuid.lib odbc32.lib odbccp32.lib /MANIFEST /ManifestFile:"Debug\75.求二叉树中两个节点的最低共同父节点.exe.intermediate.manifest" /MANIFESTUAC:"level='asInvoker' uiAccess='false'" /DEBUG /PDB:"C:\微软100\75.求二叉树中两个节点的最低共同父节点\Debug\75.求二叉树中两个节点的最低共同父节点.pdb" /SUBSYSTEM:CONSOLE /TLBID:1 /DYNAMICBASE /NXCOMPAT /IMPLIB:"C:\微软100\75.求二叉树中两个节点的最低共同父节点\Debug\75.求二叉树中两个节点的最低共同父节点.lib" /MACHINE:X86 "Debug\75.求二叉树中两个节点的最低共同父节点.exe.embed.manifest.res"
         "Debug\75.求二叉树中两个节点的最低共同父节点.obj"
         Debug\stdafx.obj
       Manifest:
         C:\Program Files (x86)\Microsoft SDKs\Windows\v7.0A\bin\mt.exe /nologo /verbose /out:"Debug\75.求二叉树中两个节点的最低共同父节点.exe.embed.manifest" /manifest "Debug\75.求二叉树中两个节点的最低共同父节点.exe.intermediate.manifest"
         所有输出均为最新。
       LinkEmbedManifest:
         所有输出均为最新。
         75.求二叉树中两个节点的最低共同父节点.vcxproj -> C:\微软100\75.求二叉树中两个节点的最低共同父节点\Debug\75.求二叉树中两个节点的最低共同父节点.exe
       FinalizeBuildStatus:
         正在删除文件“Debug\75.求二叉树中两个节点的最低共同父节点.unsuccessfulbuild”。
         正在对“Debug\75.求二叉树中两个节点的最低共同父节点.lastbuildstate”执行 Touch 任务。
     1>已完成生成项目“C:\微软100\75.求二叉树中两个节点的最低共同父节点\75.求二叉树中两个节点的最低共同父节点\75.求二叉树中两个节点的最低共同父节点.vcxproj”(build 个目标)的操作。

生成成功。

已用时间 00:00:01.11
